mode: set
github.com/geored/taskctl/task/task.go:45.45,46.31 1 1
github.com/geored/taskctl/task/task.go:46.31,48.3 1 1
github.com/geored/taskctl/task/task.go:49.2,50.16 2 1
github.com/geored/taskctl/task/task.go:50.16,53.3 2 1
github.com/geored/taskctl/task/task.go:56.2,60.27 3 1
github.com/geored/taskctl/task/task.go:95.52,100.27 2 1
github.com/geored/taskctl/task/task.go:100.27,102.3 1 1
github.com/geored/taskctl/task/task.go:109.2,109.85 1 1
github.com/geored/taskctl/task/task.go:109.85,111.3 1 1
github.com/geored/taskctl/task/task.go:115.2,116.16 2 1
github.com/geored/taskctl/task/task.go:116.16,118.3 1 0
github.com/geored/taskctl/task/task.go:120.2,128.16 3 1
github.com/geored/taskctl/task/task.go:128.16,130.17 2 1
github.com/geored/taskctl/task/task.go:130.17,132.4 1 1
github.com/geored/taskctl/task/task.go:137.2,138.65 2 1
github.com/geored/taskctl/task/task.go:138.65,140.3 1 1
github.com/geored/taskctl/task/task.go:142.2,142.39 1 1
github.com/geored/taskctl/task/task.go:157.58,162.6 4 1
github.com/geored/taskctl/task/task.go:162.6,163.21 1 1
github.com/geored/taskctl/task/task.go:163.21,165.4 1 1
github.com/geored/taskctl/task/task.go:167.3,168.20 2 1
github.com/geored/taskctl/task/task.go:168.20,171.4 1 0
github.com/geored/taskctl/task/task.go:173.3,174.17 2 1
github.com/geored/taskctl/task/task.go:174.17,176.20 1 1
github.com/geored/taskctl/task/task.go:176.20,178.5 1 0
github.com/geored/taskctl/task/task.go:179.4,179.47 1 1
github.com/geored/taskctl/task/task.go:183.3,184.19 2 1
github.com/geored/taskctl/task/task.go:184.19,186.4 1 1
github.com/geored/taskctl/task/task.go:186.9,188.4 1 1
github.com/geored/taskctl/task/task.go:189.3,190.14 2 1
github.com/geored/taskctl/task/task.go:200.42,202.16 2 1
github.com/geored/taskctl/task/task.go:202.16,203.37 1 1
github.com/geored/taskctl/task/task.go:203.37,205.4 1 1
github.com/geored/taskctl/task/task.go:206.3,206.42 1 0
github.com/geored/taskctl/task/task.go:208.2,209.53 2 1
github.com/geored/taskctl/task/task.go:209.53,211.3 1 1
github.com/geored/taskctl/task/task.go:216.2,217.26 2 1
github.com/geored/taskctl/task/task.go:217.26,219.16 1 1
github.com/geored/taskctl/task/task.go:219.16,221.4 1 0
github.com/geored/taskctl/task/task.go:223.3,223.39 1 1
github.com/geored/taskctl/task/task.go:223.39,225.4 1 0
github.com/geored/taskctl/task/task.go:227.3,227.21 1 1
github.com/geored/taskctl/task/task.go:228.32,228.32 0 1
github.com/geored/taskctl/task/task.go:230.11,231.128 1 0
github.com/geored/taskctl/task/task.go:234.3,234.22 1 1
github.com/geored/taskctl/task/task.go:234.22,235.63 1 1
github.com/geored/taskctl/task/task.go:235.63,237.5 1 0
github.com/geored/taskctl/task/task.go:240.3,240.35 1 1
github.com/geored/taskctl/task/task.go:240.35,242.4 1 0
github.com/geored/taskctl/task/task.go:243.3,243.29 1 1
github.com/geored/taskctl/task/task.go:246.2,246.19 1 1
github.com/geored/taskctl/task/task.go:254.44,256.16 2 1
github.com/geored/taskctl/task/task.go:256.16,258.3 1 0
github.com/geored/taskctl/task/task.go:260.2,262.23 3 1
github.com/geored/taskctl/task/task.go:262.23,263.58 1 1
github.com/geored/taskctl/task/task.go:263.58,265.4 1 1
github.com/geored/taskctl/task/task.go:267.2,268.16 2 1
github.com/geored/taskctl/task/task.go:268.16,270.3 1 0
github.com/geored/taskctl/task/task.go:271.2,274.15 2 1
github.com/geored/taskctl/task/task.go:274.15,276.3 1 1
github.com/geored/taskctl/task/task.go:278.2,278.40 1 1
github.com/geored/taskctl/task/task.go:278.40,281.3 2 0
github.com/geored/taskctl/task/task.go:282.2,282.43 1 1
github.com/geored/taskctl/task/task.go:282.43,285.3 2 0
github.com/geored/taskctl/task/task.go:287.2,287.35 1 1
github.com/geored/taskctl/task/task.go:287.35,290.3 2 0
github.com/geored/taskctl/task/task.go:291.2,291.36 1 1
github.com/geored/taskctl/task/task.go:291.36,293.3 1 0
github.com/geored/taskctl/task/task.go:294.2,294.55 1 1
github.com/geored/taskctl/task/task.go:294.55,296.3 1 0
github.com/geored/taskctl/task/task.go:297.2,297.12 1 1
github.com/geored/taskctl/task/task.go:306.62,309.19 2 1
github.com/geored/taskctl/task/task.go:309.19,311.3 1 1
github.com/geored/taskctl/task/task.go:314.2,314.54 1 1
github.com/geored/taskctl/task/task.go:314.54,316.3 1 1
github.com/geored/taskctl/task/task.go:319.2,319.18 1 1
github.com/geored/taskctl/task/task.go:320.31,320.31 0 1
github.com/geored/taskctl/task/task.go:322.10,323.83 1 1
github.com/geored/taskctl/task/task.go:327.2,327.19 1 1
github.com/geored/taskctl/task/task.go:327.19,328.60 1 1
github.com/geored/taskctl/task/task.go:328.60,330.4 1 1
github.com/geored/taskctl/task/task.go:333.2,337.16 4 1
github.com/geored/taskctl/task/task.go:337.16,339.3 1 0
github.com/geored/taskctl/task/task.go:344.2,345.26 2 1
github.com/geored/taskctl/task/task.go:345.26,346.21 1 1
github.com/geored/taskctl/task/task.go:346.21,348.4 1 1
github.com/geored/taskctl/task/task.go:350.2,350.17 1 1
github.com/geored/taskctl/task/task.go:350.17,352.3 1 1
github.com/geored/taskctl/task/task.go:354.2,361.22 2 1
github.com/geored/taskctl/task/task.go:366.37,367.11 1 1
github.com/geored/taskctl/task/task.go:368.35,369.14 1 1
github.com/geored/taskctl/task/task.go:370.10,371.15 1 1
github.com/geored/taskctl/task/task.go:383.75,385.32 1 1
github.com/geored/taskctl/task/task.go:385.32,387.3 1 1
github.com/geored/taskctl/task/task.go:389.2,393.16 4 1
github.com/geored/taskctl/task/task.go:393.16,395.3 1 0
github.com/geored/taskctl/task/task.go:398.2,400.26 3 1
github.com/geored/taskctl/task/task.go:400.26,401.47 1 1
github.com/geored/taskctl/task/task.go:401.47,402.12 1 1
github.com/geored/taskctl/task/task.go:404.3,404.39 1 1
github.com/geored/taskctl/task/task.go:404.39,405.12 1 1
github.com/geored/taskctl/task/task.go:407.3,407.29 1 1
github.com/geored/taskctl/task/task.go:409.2,409.20 1 1
github.com/geored/taskctl/task/task.go:415.42,416.13 1 1
github.com/geored/taskctl/task/task.go:416.13,418.3 1 1
github.com/geored/taskctl/task/task.go:420.2,424.16 4 1
github.com/geored/taskctl/task/task.go:424.16,426.3 1 0
github.com/geored/taskctl/task/task.go:428.2,428.26 1 1
github.com/geored/taskctl/task/task.go:428.26,429.17 1 1
github.com/geored/taskctl/task/task.go:429.17,432.4 2 1
github.com/geored/taskctl/task/task.go:434.2,434.44 1 1
github.com/geored/taskctl/task/task.go:440.40,441.13 1 1
github.com/geored/taskctl/task/task.go:441.13,443.3 1 1
github.com/geored/taskctl/task/task.go:445.2,449.16 4 1
github.com/geored/taskctl/task/task.go:449.16,451.3 1 0
github.com/geored/taskctl/task/task.go:453.2,455.26 3 1
github.com/geored/taskctl/task/task.go:455.26,456.17 1 1
github.com/geored/taskctl/task/task.go:456.17,458.12 2 1
github.com/geored/taskctl/task/task.go:460.3,460.33 1 1
github.com/geored/taskctl/task/task.go:462.2,462.12 1 1
github.com/geored/taskctl/task/task.go:462.12,464.3 1 1
github.com/geored/taskctl/task/task.go:465.2,465.25 1 1
github.com/geored/taskctl/task/task.go:474.67,479.16 4 1
github.com/geored/taskctl/task/task.go:479.16,481.3 1 1
github.com/geored/taskctl/task/task.go:483.2,484.26 2 1
github.com/geored/taskctl/task/task.go:484.26,485.13 1 1
github.com/geored/taskctl/task/task.go:485.13,487.4 1 1
github.com/geored/taskctl/task/task.go:487.9,489.4 1 1
github.com/geored/taskctl/task/task.go:491.2,494.18 2 1
github.com/geored/taskctl/task/task.go:494.18,496.3 1 1
github.com/geored/taskctl/task/task.go:498.2,498.37 1 1
github.com/geored/taskctl/task/task.go:498.37,500.3 1 0
github.com/geored/taskctl/task/task.go:501.2,501.32 1 1
github.com/geored/taskctl/task/task.go:526.42,531.16 4 1
github.com/geored/taskctl/task/task.go:531.16,533.3 1 0
github.com/geored/taskctl/task/task.go:535.2,538.26 4 1
github.com/geored/taskctl/task/task.go:538.26,540.13 1 1
github.com/geored/taskctl/task/task.go:540.13,542.4 1 1
github.com/geored/taskctl/task/task.go:542.9,544.24 2 1
github.com/geored/taskctl/task/task.go:544.24,546.5 1 1
github.com/geored/taskctl/task/task.go:550.3,550.21 1 1
github.com/geored/taskctl/task/task.go:551.15,552.20 1 1
github.com/geored/taskctl/task/task.go:553.17,554.22 1 1
github.com/geored/taskctl/task/task.go:555.14,556.19 1 1
github.com/geored/taskctl/task/task.go:559.2,559.15 1 1
github.com/geored/taskctl/main.go:22.13,24.2 1 1
github.com/geored/taskctl/main.go:26.13,27.48 1 0
github.com/geored/taskctl/main.go:27.48,30.3 2 0
github.com/geored/taskctl/main.go:33.44,34.19 1 1
github.com/geored/taskctl/main.go:34.19,37.3 2 1
github.com/geored/taskctl/main.go:38.2,38.44 1 1
github.com/geored/taskctl/main.go:38.44,41.3 2 1
github.com/geored/taskctl/main.go:42.2,42.77 1 1
github.com/geored/taskctl/main.go:42.77,45.3 2 1
github.com/geored/taskctl/main.go:47.2,49.38 3 1
github.com/geored/taskctl/main.go:49.38,51.36 2 1
github.com/geored/taskctl/main.go:51.36,52.28 1 1
github.com/geored/taskctl/main.go:52.28,56.5 3 1
github.com/geored/taskctl/main.go:56.10,61.5 1 1
github.com/geored/taskctl/main.go:62.9,62.45 1 1
github.com/geored/taskctl/main.go:62.45,66.4 3 1
github.com/geored/taskctl/main.go:66.9,66.44 1 1
github.com/geored/taskctl/main.go:66.44,70.4 3 1
github.com/geored/taskctl/main.go:74.2,74.32 1 1
github.com/geored/taskctl/main.go:74.32,75.40 1 1
github.com/geored/taskctl/main.go:75.40,77.4 1 0
github.com/geored/taskctl/main.go:80.2,80.36 1 1
github.com/geored/taskctl/main.go:80.36,82.3 1 1
github.com/geored/taskctl/main.go:84.2,84.25 1 1
github.com/geored/taskctl/main.go:84.25,87.3 2 1
github.com/geored/taskctl/main.go:89.2,93.16 4 1
github.com/geored/taskctl/main.go:93.16,95.3 1 1
github.com/geored/taskctl/main.go:97.2,97.13 1 1
github.com/geored/taskctl/main.go:98.13,99.33 1 1
github.com/geored/taskctl/main.go:100.14,101.34 1 1
github.com/geored/taskctl/main.go:102.14,103.34 1 1
github.com/geored/taskctl/main.go:104.16,105.36 1 1
github.com/geored/taskctl/main.go:106.15,107.26 1 1
github.com/geored/taskctl/main.go:108.15,109.26 1 1
github.com/geored/taskctl/main.go:110.10,112.48 2 1
github.com/geored/taskctl/main.go:116.19,132.2 1 1
github.com/geored/taskctl/main.go:138.66,143.39 5 1
github.com/geored/taskctl/main.go:143.39,145.3 1 0
github.com/geored/taskctl/main.go:146.2,146.20 1 1
github.com/geored/taskctl/main.go:146.20,148.3 1 1
github.com/geored/taskctl/main.go:149.2,150.17 2 1
github.com/geored/taskctl/main.go:150.17,152.3 1 1
github.com/geored/taskctl/main.go:153.2,153.16 1 1
github.com/geored/taskctl/main.go:153.16,154.32 1 1
github.com/geored/taskctl/main.go:154.32,156.4 1 1
github.com/geored/taskctl/main.go:159.3,159.59 1 1
github.com/geored/taskctl/main.go:159.59,161.4 1 1
github.com/geored/taskctl/main.go:163.2,163.56 1 1
github.com/geored/taskctl/main.go:163.56,165.3 1 1
github.com/geored/taskctl/main.go:166.2,167.12 2 1
github.com/geored/taskctl/main.go:170.67,175.39 5 1
github.com/geored/taskctl/main.go:175.39,177.3 1 0
github.com/geored/taskctl/main.go:178.2,178.21 1 1
github.com/geored/taskctl/main.go:178.21,179.20 1 1
github.com/geored/taskctl/main.go:180.32,180.32 0 1
github.com/geored/taskctl/main.go:181.11,182.91 1 1
github.com/geored/taskctl/main.go:185.2,186.16 2 1
github.com/geored/taskctl/main.go:186.16,188.3 1 1
github.com/geored/taskctl/main.go:189.2,189.21 1 1
github.com/geored/taskctl/main.go:189.21,192.3 2 1
github.com/geored/taskctl/main.go:193.2,196.26 4 1
github.com/geored/taskctl/main.go:196.26,198.13 2 1
github.com/geored/taskctl/main.go:198.13,200.4 1 1
github.com/geored/taskctl/main.go:201.3,202.16 2 1
github.com/geored/taskctl/main.go:202.16,204.4 1 1
github.com/geored/taskctl/main.go:205.3,206.23 2 1
github.com/geored/taskctl/main.go:206.23,208.4 1 1
github.com/geored/taskctl/main.go:209.3,209.82 1 1
github.com/geored/taskctl/main.go:211.2,211.12 1 1
github.com/geored/taskctl/main.go:217.54,220.39 3 1
github.com/geored/taskctl/main.go:220.39,222.3 1 0
github.com/geored/taskctl/main.go:223.2,223.20 1 1
github.com/geored/taskctl/main.go:223.20,225.3 1 1
github.com/geored/taskctl/main.go:226.2,227.16 2 1
github.com/geored/taskctl/main.go:227.16,229.3 1 1
github.com/geored/taskctl/main.go:230.2,230.13 1 1
github.com/geored/taskctl/main.go:230.13,232.3 1 1
github.com/geored/taskctl/main.go:233.2,233.16 1 1
github.com/geored/taskctl/main.go:236.67,238.16 2 1
github.com/geored/taskctl/main.go:238.16,240.3 1 1
github.com/geored/taskctl/main.go:241.2,241.41 1 1
github.com/geored/taskctl/main.go:241.41,243.3 1 1
github.com/geored/taskctl/main.go:244.2,245.12 2 1
github.com/geored/taskctl/main.go:248.69,250.16 2 1
github.com/geored/taskctl/main.go:250.16,252.3 1 1
github.com/geored/taskctl/main.go:253.2,253.39 1 1
github.com/geored/taskctl/main.go:253.39,255.3 1 1
github.com/geored/taskctl/main.go:256.2,257.12 2 1
github.com/geored/taskctl/main.go:260.53,262.16 2 1
github.com/geored/taskctl/main.go:262.16,264.3 1 0
github.com/geored/taskctl/main.go:265.2,266.17 2 1
github.com/geored/taskctl/main.go:266.17,268.3 1 1
github.com/geored/taskctl/main.go:269.2,277.12 9 1
github.com/geored/taskctl/main.go:280.53,282.16 2 1
github.com/geored/taskctl/main.go:282.16,284.3 1 1
github.com/geored/taskctl/main.go:285.2,286.18 2 1
github.com/geored/taskctl/main.go:286.18,288.3 1 1
github.com/geored/taskctl/main.go:289.2,290.20 2 1
github.com/geored/taskctl/main.go:290.20,292.3 1 1
github.com/geored/taskctl/main.go:293.2,294.12 2 1
