mode: set
github.com/geored/taskctl/task/task.go:45.45,46.31 1 1
github.com/geored/taskctl/task/task.go:46.31,48.3 1 1
github.com/geored/taskctl/task/task.go:49.2,50.16 2 1
github.com/geored/taskctl/task/task.go:50.16,53.3 2 0
github.com/geored/taskctl/task/task.go:56.2,60.27 3 1
github.com/geored/taskctl/task/task.go:95.52,100.27 2 1
github.com/geored/taskctl/task/task.go:100.27,102.3 1 1
github.com/geored/taskctl/task/task.go:106.2,106.36 1 1
github.com/geored/taskctl/task/task.go:106.36,108.3 1 1
github.com/geored/taskctl/task/task.go:112.2,113.16 2 1
github.com/geored/taskctl/task/task.go:113.16,115.3 1 0
github.com/geored/taskctl/task/task.go:117.2,125.16 3 1
github.com/geored/taskctl/task/task.go:125.16,127.17 2 1
github.com/geored/taskctl/task/task.go:127.17,129.4 1 0
github.com/geored/taskctl/task/task.go:134.2,135.65 2 1
github.com/geored/taskctl/task/task.go:135.65,137.3 1 1
github.com/geored/taskctl/task/task.go:139.2,139.39 1 1
github.com/geored/taskctl/task/task.go:145.58,149.6 3 1
github.com/geored/taskctl/task/task.go:149.6,151.20 2 1
github.com/geored/taskctl/task/task.go:151.20,154.4 1 0
github.com/geored/taskctl/task/task.go:156.3,157.17 2 1
github.com/geored/taskctl/task/task.go:157.17,159.20 1 1
github.com/geored/taskctl/task/task.go:159.20,161.5 1 0
github.com/geored/taskctl/task/task.go:162.4,162.47 1 1
github.com/geored/taskctl/task/task.go:166.3,167.19 2 1
github.com/geored/taskctl/task/task.go:167.19,169.4 1 1
github.com/geored/taskctl/task/task.go:169.9,171.4 1 1
github.com/geored/taskctl/task/task.go:172.3,172.15 1 1
github.com/geored/taskctl/task/task.go:182.42,184.16 2 1
github.com/geored/taskctl/task/task.go:184.16,185.37 1 1
github.com/geored/taskctl/task/task.go:185.37,187.4 1 1
github.com/geored/taskctl/task/task.go:188.3,188.42 1 0
github.com/geored/taskctl/task/task.go:190.2,191.53 2 1
github.com/geored/taskctl/task/task.go:191.53,193.3 1 1
github.com/geored/taskctl/task/task.go:198.2,199.26 2 1
github.com/geored/taskctl/task/task.go:199.26,201.16 1 1
github.com/geored/taskctl/task/task.go:201.16,203.4 1 0
github.com/geored/taskctl/task/task.go:205.3,205.39 1 1
github.com/geored/taskctl/task/task.go:205.39,207.4 1 0
github.com/geored/taskctl/task/task.go:209.3,209.21 1 1
github.com/geored/taskctl/task/task.go:210.32,210.32 0 1
github.com/geored/taskctl/task/task.go:212.11,213.128 1 0
github.com/geored/taskctl/task/task.go:216.3,216.22 1 1
github.com/geored/taskctl/task/task.go:216.22,217.63 1 1
github.com/geored/taskctl/task/task.go:217.63,219.5 1 0
github.com/geored/taskctl/task/task.go:222.3,222.35 1 1
github.com/geored/taskctl/task/task.go:222.35,224.4 1 0
github.com/geored/taskctl/task/task.go:225.3,225.29 1 1
github.com/geored/taskctl/task/task.go:228.2,228.19 1 1
github.com/geored/taskctl/task/task.go:236.44,238.16 2 1
github.com/geored/taskctl/task/task.go:238.16,240.3 1 0
github.com/geored/taskctl/task/task.go:242.2,244.23 3 1
github.com/geored/taskctl/task/task.go:244.23,245.58 1 1
github.com/geored/taskctl/task/task.go:245.58,247.4 1 1
github.com/geored/taskctl/task/task.go:249.2,250.16 2 1
github.com/geored/taskctl/task/task.go:250.16,252.3 1 0
github.com/geored/taskctl/task/task.go:253.2,256.15 2 1
github.com/geored/taskctl/task/task.go:256.15,258.3 1 1
github.com/geored/taskctl/task/task.go:260.2,260.40 1 1
github.com/geored/taskctl/task/task.go:260.40,263.3 2 0
github.com/geored/taskctl/task/task.go:264.2,264.43 1 1
github.com/geored/taskctl/task/task.go:264.43,267.3 2 0
github.com/geored/taskctl/task/task.go:269.2,269.35 1 1
github.com/geored/taskctl/task/task.go:269.35,272.3 2 0
github.com/geored/taskctl/task/task.go:273.2,273.36 1 1
github.com/geored/taskctl/task/task.go:273.36,275.3 1 0
github.com/geored/taskctl/task/task.go:276.2,276.55 1 1
github.com/geored/taskctl/task/task.go:276.55,278.3 1 0
github.com/geored/taskctl/task/task.go:279.2,279.12 1 1
github.com/geored/taskctl/task/task.go:288.62,291.19 2 1
github.com/geored/taskctl/task/task.go:291.19,293.3 1 1
github.com/geored/taskctl/task/task.go:296.2,296.54 1 1
github.com/geored/taskctl/task/task.go:296.54,298.3 1 1
github.com/geored/taskctl/task/task.go:301.2,301.18 1 1
github.com/geored/taskctl/task/task.go:302.31,302.31 0 1
github.com/geored/taskctl/task/task.go:304.10,305.83 1 1
github.com/geored/taskctl/task/task.go:309.2,309.19 1 1
github.com/geored/taskctl/task/task.go:309.19,310.60 1 1
github.com/geored/taskctl/task/task.go:310.60,312.4 1 1
github.com/geored/taskctl/task/task.go:315.2,319.16 4 1
github.com/geored/taskctl/task/task.go:319.16,321.3 1 0
github.com/geored/taskctl/task/task.go:326.2,327.26 2 1
github.com/geored/taskctl/task/task.go:327.26,328.21 1 1
github.com/geored/taskctl/task/task.go:328.21,330.4 1 1
github.com/geored/taskctl/task/task.go:332.2,332.17 1 1
github.com/geored/taskctl/task/task.go:332.17,334.3 1 1
github.com/geored/taskctl/task/task.go:336.2,343.22 2 1
github.com/geored/taskctl/task/task.go:348.37,349.11 1 1
github.com/geored/taskctl/task/task.go:350.35,351.14 1 1
github.com/geored/taskctl/task/task.go:352.10,353.15 1 1
github.com/geored/taskctl/task/task.go:365.75,367.32 1 1
github.com/geored/taskctl/task/task.go:367.32,369.3 1 1
github.com/geored/taskctl/task/task.go:371.2,375.16 4 1
github.com/geored/taskctl/task/task.go:375.16,377.3 1 0
github.com/geored/taskctl/task/task.go:380.2,382.26 3 1
github.com/geored/taskctl/task/task.go:382.26,383.47 1 1
github.com/geored/taskctl/task/task.go:383.47,384.12 1 1
github.com/geored/taskctl/task/task.go:386.3,386.39 1 1
github.com/geored/taskctl/task/task.go:386.39,387.12 1 1
github.com/geored/taskctl/task/task.go:389.3,389.29 1 1
github.com/geored/taskctl/task/task.go:391.2,391.20 1 1
github.com/geored/taskctl/task/task.go:397.42,398.13 1 1
github.com/geored/taskctl/task/task.go:398.13,400.3 1 1
github.com/geored/taskctl/task/task.go:402.2,406.16 4 1
github.com/geored/taskctl/task/task.go:406.16,408.3 1 0
github.com/geored/taskctl/task/task.go:410.2,410.26 1 1
github.com/geored/taskctl/task/task.go:410.26,411.17 1 1
github.com/geored/taskctl/task/task.go:411.17,414.4 2 1
github.com/geored/taskctl/task/task.go:416.2,416.44 1 1
github.com/geored/taskctl/task/task.go:422.40,423.13 1 1
github.com/geored/taskctl/task/task.go:423.13,425.3 1 1
github.com/geored/taskctl/task/task.go:427.2,431.16 4 1
github.com/geored/taskctl/task/task.go:431.16,433.3 1 0
github.com/geored/taskctl/task/task.go:435.2,437.26 3 1
github.com/geored/taskctl/task/task.go:437.26,438.17 1 1
github.com/geored/taskctl/task/task.go:438.17,440.12 2 1
github.com/geored/taskctl/task/task.go:442.3,442.33 1 1
github.com/geored/taskctl/task/task.go:444.2,444.12 1 1
github.com/geored/taskctl/task/task.go:444.12,446.3 1 1
github.com/geored/taskctl/task/task.go:447.2,447.25 1 1
github.com/geored/taskctl/task/task.go:456.67,461.16 4 1
github.com/geored/taskctl/task/task.go:461.16,463.3 1 1
github.com/geored/taskctl/task/task.go:465.2,466.26 2 1
github.com/geored/taskctl/task/task.go:466.26,467.13 1 1
github.com/geored/taskctl/task/task.go:467.13,469.4 1 1
github.com/geored/taskctl/task/task.go:469.9,471.4 1 1
github.com/geored/taskctl/task/task.go:473.2,476.18 2 1
github.com/geored/taskctl/task/task.go:476.18,478.3 1 1
github.com/geored/taskctl/task/task.go:480.2,480.37 1 1
github.com/geored/taskctl/task/task.go:480.37,482.3 1 0
github.com/geored/taskctl/task/task.go:483.2,483.32 1 1
github.com/geored/taskctl/task/task.go:508.42,513.16 4 1
github.com/geored/taskctl/task/task.go:513.16,515.3 1 0
github.com/geored/taskctl/task/task.go:517.2,520.26 4 1
github.com/geored/taskctl/task/task.go:520.26,522.13 1 1
github.com/geored/taskctl/task/task.go:522.13,524.4 1 1
github.com/geored/taskctl/task/task.go:524.9,526.24 2 1
github.com/geored/taskctl/task/task.go:526.24,528.5 1 1
github.com/geored/taskctl/task/task.go:532.3,532.21 1 1
github.com/geored/taskctl/task/task.go:533.15,534.20 1 1
github.com/geored/taskctl/task/task.go:535.17,536.22 1 1
github.com/geored/taskctl/task/task.go:537.14,538.19 1 1
github.com/geored/taskctl/task/task.go:541.2,541.15 1 1
github.com/geored/taskctl/main.go:29.13,33.2 1 1
github.com/geored/taskctl/main.go:35.13,36.48 1 0
github.com/geored/taskctl/main.go:36.48,39.3 2 0
github.com/geored/taskctl/main.go:45.44,46.19 1 1
github.com/geored/taskctl/main.go:46.19,49.3 2 1
github.com/geored/taskctl/main.go:52.2,52.44 1 1
github.com/geored/taskctl/main.go:52.44,55.3 2 1
github.com/geored/taskctl/main.go:58.2,58.77 1 1
github.com/geored/taskctl/main.go:58.77,61.3 2 1
github.com/geored/taskctl/main.go:66.2,68.38 3 1
github.com/geored/taskctl/main.go:68.38,70.36 2 1
github.com/geored/taskctl/main.go:70.36,71.28 1 1
github.com/geored/taskctl/main.go:71.28,75.5 3 1
github.com/geored/taskctl/main.go:76.9,76.45 1 1
github.com/geored/taskctl/main.go:76.45,80.4 3 1
github.com/geored/taskctl/main.go:80.9,80.44 1 1
github.com/geored/taskctl/main.go:80.44,84.4 3 1
github.com/geored/taskctl/main.go:91.2,91.32 1 1
github.com/geored/taskctl/main.go:91.32,92.40 1 1
github.com/geored/taskctl/main.go:92.40,94.4 1 1
github.com/geored/taskctl/main.go:98.2,98.36 1 1
github.com/geored/taskctl/main.go:98.36,100.3 1 1
github.com/geored/taskctl/main.go:107.2,107.25 1 1
github.com/geored/taskctl/main.go:107.25,110.3 2 1
github.com/geored/taskctl/main.go:112.2,116.16 4 1
github.com/geored/taskctl/main.go:116.16,118.3 1 1
github.com/geored/taskctl/main.go:120.2,120.13 1 1
github.com/geored/taskctl/main.go:121.13,122.33 1 1
github.com/geored/taskctl/main.go:123.14,124.34 1 1
github.com/geored/taskctl/main.go:125.14,126.34 1 1
github.com/geored/taskctl/main.go:127.16,128.36 1 1
github.com/geored/taskctl/main.go:129.15,130.26 1 1
github.com/geored/taskctl/main.go:131.15,132.26 1 1
github.com/geored/taskctl/main.go:133.10,135.48 2 1
github.com/geored/taskctl/main.go:140.19,156.2 1 1
github.com/geored/taskctl/main.go:162.66,167.39 5 1
github.com/geored/taskctl/main.go:167.39,169.3 1 0
github.com/geored/taskctl/main.go:171.2,171.20 1 1
github.com/geored/taskctl/main.go:171.20,173.3 1 1
github.com/geored/taskctl/main.go:177.2,178.17 2 1
github.com/geored/taskctl/main.go:178.17,180.3 1 1
github.com/geored/taskctl/main.go:186.2,186.16 1 1
github.com/geored/taskctl/main.go:186.16,187.32 1 1
github.com/geored/taskctl/main.go:187.32,189.4 1 1
github.com/geored/taskctl/main.go:190.3,190.59 1 1
github.com/geored/taskctl/main.go:190.59,192.4 1 1
github.com/geored/taskctl/main.go:195.2,195.56 1 1
github.com/geored/taskctl/main.go:195.56,197.3 1 1
github.com/geored/taskctl/main.go:198.2,199.12 2 1
github.com/geored/taskctl/main.go:205.67,210.39 5 1
github.com/geored/taskctl/main.go:210.39,212.3 1 0
github.com/geored/taskctl/main.go:215.2,215.21 1 1
github.com/geored/taskctl/main.go:215.21,216.20 1 1
github.com/geored/taskctl/main.go:217.32,217.32 0 1
github.com/geored/taskctl/main.go:219.11,220.91 1 1
github.com/geored/taskctl/main.go:224.2,225.16 2 1
github.com/geored/taskctl/main.go:225.16,227.3 1 1
github.com/geored/taskctl/main.go:229.2,229.21 1 1
github.com/geored/taskctl/main.go:229.21,232.3 2 1
github.com/geored/taskctl/main.go:234.2,240.26 4 1
github.com/geored/taskctl/main.go:240.26,242.13 2 1
github.com/geored/taskctl/main.go:242.13,244.4 1 1
github.com/geored/taskctl/main.go:246.3,247.16 2 1
github.com/geored/taskctl/main.go:247.16,249.4 1 1
github.com/geored/taskctl/main.go:252.3,253.23 2 1
github.com/geored/taskctl/main.go:253.23,255.4 1 1
github.com/geored/taskctl/main.go:257.3,257.82 1 1
github.com/geored/taskctl/main.go:259.2,259.12 1 1
github.com/geored/taskctl/main.go:264.67,267.39 3 1
github.com/geored/taskctl/main.go:267.39,269.3 1 0
github.com/geored/taskctl/main.go:271.2,271.20 1 1
github.com/geored/taskctl/main.go:271.20,273.3 1 1
github.com/geored/taskctl/main.go:274.2,275.16 2 1
github.com/geored/taskctl/main.go:275.16,277.3 1 1
github.com/geored/taskctl/main.go:279.2,279.13 1 1
github.com/geored/taskctl/main.go:279.13,281.3 1 1
github.com/geored/taskctl/main.go:282.2,282.41 1 1
github.com/geored/taskctl/main.go:282.41,284.3 1 1
github.com/geored/taskctl/main.go:285.2,286.12 2 1
github.com/geored/taskctl/main.go:291.69,294.39 3 1
github.com/geored/taskctl/main.go:294.39,296.3 1 0
github.com/geored/taskctl/main.go:298.2,298.20 1 1
github.com/geored/taskctl/main.go:298.20,300.3 1 1
github.com/geored/taskctl/main.go:301.2,302.16 2 1
github.com/geored/taskctl/main.go:302.16,304.3 1 1
github.com/geored/taskctl/main.go:306.2,306.13 1 1
github.com/geored/taskctl/main.go:306.13,308.3 1 1
github.com/geored/taskctl/main.go:309.2,309.39 1 1
github.com/geored/taskctl/main.go:309.39,311.3 1 1
github.com/geored/taskctl/main.go:312.2,313.12 2 1
github.com/geored/taskctl/main.go:320.53,322.16 2 1
github.com/geored/taskctl/main.go:322.16,324.3 1 0
github.com/geored/taskctl/main.go:326.2,327.17 2 1
github.com/geored/taskctl/main.go:327.17,329.3 1 1
github.com/geored/taskctl/main.go:331.2,339.12 9 1
github.com/geored/taskctl/main.go:346.53,348.16 2 1
github.com/geored/taskctl/main.go:348.16,350.3 1 1
github.com/geored/taskctl/main.go:351.2,352.18 2 1
github.com/geored/taskctl/main.go:352.18,352.42 1 1
github.com/geored/taskctl/main.go:353.2,354.20 2 1
github.com/geored/taskctl/main.go:354.20,354.46 1 1
github.com/geored/taskctl/main.go:355.2,356.12 2 1
