mode: set
github.com/geored/taskctl/main.go:24.13,28.2 1 1
github.com/geored/taskctl/main.go:30.13,31.48 1 0
github.com/geored/taskctl/main.go:31.48,34.3 2 0
github.com/geored/taskctl/main.go:40.44,41.19 1 1
github.com/geored/taskctl/main.go:41.19,44.3 2 1
github.com/geored/taskctl/main.go:47.2,47.44 1 1
github.com/geored/taskctl/main.go:47.44,50.3 2 1
github.com/geored/taskctl/main.go:53.2,53.77 1 1
github.com/geored/taskctl/main.go:53.77,56.3 2 0
github.com/geored/taskctl/main.go:61.2,63.38 3 1
github.com/geored/taskctl/main.go:63.38,65.36 2 1
github.com/geored/taskctl/main.go:65.36,66.28 1 1
github.com/geored/taskctl/main.go:66.28,70.5 3 1
github.com/geored/taskctl/main.go:71.9,71.45 1 1
github.com/geored/taskctl/main.go:71.45,75.4 3 0
github.com/geored/taskctl/main.go:75.9,75.44 1 1
github.com/geored/taskctl/main.go:75.44,79.4 3 0
github.com/geored/taskctl/main.go:83.2,83.36 1 1
github.com/geored/taskctl/main.go:83.36,85.3 1 0
github.com/geored/taskctl/main.go:92.2,92.25 1 1
github.com/geored/taskctl/main.go:92.25,95.3 2 0
github.com/geored/taskctl/main.go:97.2,101.16 4 1
github.com/geored/taskctl/main.go:101.16,103.3 1 1
github.com/geored/taskctl/main.go:105.2,105.13 1 1
github.com/geored/taskctl/main.go:106.13,107.33 1 1
github.com/geored/taskctl/main.go:108.14,109.34 1 0
github.com/geored/taskctl/main.go:110.14,111.34 1 0
github.com/geored/taskctl/main.go:112.16,113.36 1 0
github.com/geored/taskctl/main.go:114.15,115.26 1 0
github.com/geored/taskctl/main.go:116.15,117.26 1 0
github.com/geored/taskctl/main.go:118.10,120.48 2 1
github.com/geored/taskctl/main.go:125.19,141.2 1 1
github.com/geored/taskctl/main.go:147.66,152.39 5 1
github.com/geored/taskctl/main.go:152.39,154.3 1 0
github.com/geored/taskctl/main.go:156.2,156.20 1 1
github.com/geored/taskctl/main.go:156.20,158.3 1 1
github.com/geored/taskctl/main.go:162.2,163.17 2 1
github.com/geored/taskctl/main.go:163.17,165.3 1 0
github.com/geored/taskctl/main.go:170.2,170.16 1 1
github.com/geored/taskctl/main.go:170.16,171.59 1 1
github.com/geored/taskctl/main.go:171.59,173.4 1 1
github.com/geored/taskctl/main.go:176.2,176.56 1 1
github.com/geored/taskctl/main.go:176.56,178.3 1 1
github.com/geored/taskctl/main.go:179.2,180.12 2 1
github.com/geored/taskctl/main.go:186.67,191.39 5 1
github.com/geored/taskctl/main.go:191.39,193.3 1 0
github.com/geored/taskctl/main.go:196.2,196.21 1 1
github.com/geored/taskctl/main.go:196.21,197.20 1 1
github.com/geored/taskctl/main.go:198.32,198.32 0 1
github.com/geored/taskctl/main.go:200.11,201.91 1 1
github.com/geored/taskctl/main.go:205.2,206.16 2 1
github.com/geored/taskctl/main.go:206.16,208.3 1 0
github.com/geored/taskctl/main.go:210.2,210.21 1 1
github.com/geored/taskctl/main.go:210.21,213.3 2 1
github.com/geored/taskctl/main.go:215.2,221.26 4 1
github.com/geored/taskctl/main.go:221.26,223.13 2 1
github.com/geored/taskctl/main.go:223.13,225.4 1 0
github.com/geored/taskctl/main.go:227.3,228.16 2 1
github.com/geored/taskctl/main.go:228.16,230.4 1 1
github.com/geored/taskctl/main.go:233.3,234.23 2 1
github.com/geored/taskctl/main.go:234.23,236.4 1 1
github.com/geored/taskctl/main.go:238.3,238.82 1 1
github.com/geored/taskctl/main.go:240.2,240.12 1 1
github.com/geored/taskctl/main.go:245.67,248.39 3 1
github.com/geored/taskctl/main.go:248.39,250.3 1 0
github.com/geored/taskctl/main.go:252.2,252.20 1 1
github.com/geored/taskctl/main.go:252.20,254.3 1 1
github.com/geored/taskctl/main.go:255.2,256.16 2 1
github.com/geored/taskctl/main.go:256.16,258.3 1 1
github.com/geored/taskctl/main.go:260.2,260.13 1 1
github.com/geored/taskctl/main.go:260.13,262.3 1 0
github.com/geored/taskctl/main.go:263.2,263.41 1 1
github.com/geored/taskctl/main.go:263.41,265.3 1 1
github.com/geored/taskctl/main.go:266.2,267.12 2 1
github.com/geored/taskctl/main.go:272.69,275.39 3 1
github.com/geored/taskctl/main.go:275.39,277.3 1 0
github.com/geored/taskctl/main.go:279.2,279.20 1 1
github.com/geored/taskctl/main.go:279.20,281.3 1 1
github.com/geored/taskctl/main.go:282.2,283.16 2 1
github.com/geored/taskctl/main.go:283.16,285.3 1 1
github.com/geored/taskctl/main.go:287.2,287.13 1 1
github.com/geored/taskctl/main.go:287.13,289.3 1 0
github.com/geored/taskctl/main.go:290.2,290.39 1 1
github.com/geored/taskctl/main.go:290.39,292.3 1 1
github.com/geored/taskctl/main.go:293.2,294.12 2 1
github.com/geored/taskctl/main.go:301.53,303.16 2 1
github.com/geored/taskctl/main.go:303.16,305.3 1 0
github.com/geored/taskctl/main.go:307.2,308.17 2 1
github.com/geored/taskctl/main.go:308.17,310.3 1 1
github.com/geored/taskctl/main.go:312.2,320.12 9 1
github.com/geored/taskctl/main.go:327.53,329.16 2 1
github.com/geored/taskctl/main.go:329.16,331.3 1 1
github.com/geored/taskctl/main.go:332.2,333.12 2 1
github.com/geored/taskctl/task/task.go:45.45,46.31 1 1
github.com/geored/taskctl/task/task.go:46.31,48.3 1 1
github.com/geored/taskctl/task/task.go:49.2,50.16 2 1
github.com/geored/taskctl/task/task.go:50.16,53.3 2 0
github.com/geored/taskctl/task/task.go:56.2,60.27 3 1
github.com/geored/taskctl/task/task.go:78.52,83.27 2 1
github.com/geored/taskctl/task/task.go:83.27,85.3 1 1
github.com/geored/taskctl/task/task.go:89.2,89.36 1 1
github.com/geored/taskctl/task/task.go:89.36,91.3 1 1
github.com/geored/taskctl/task/task.go:93.2,93.39 1 1
github.com/geored/taskctl/task/task.go:102.42,104.16 2 1
github.com/geored/taskctl/task/task.go:104.16,105.37 1 1
github.com/geored/taskctl/task/task.go:105.37,107.4 1 1
github.com/geored/taskctl/task/task.go:108.3,108.42 1 0
github.com/geored/taskctl/task/task.go:110.2,111.53 2 1
github.com/geored/taskctl/task/task.go:111.53,113.3 1 1
github.com/geored/taskctl/task/task.go:118.2,119.26 2 1
github.com/geored/taskctl/task/task.go:119.26,121.16 1 1
github.com/geored/taskctl/task/task.go:121.16,123.4 1 0
github.com/geored/taskctl/task/task.go:125.3,125.39 1 1
github.com/geored/taskctl/task/task.go:125.39,127.4 1 0
github.com/geored/taskctl/task/task.go:129.3,129.21 1 1
github.com/geored/taskctl/task/task.go:130.32,130.32 0 1
github.com/geored/taskctl/task/task.go:132.11,133.128 1 0
github.com/geored/taskctl/task/task.go:136.3,136.22 1 1
github.com/geored/taskctl/task/task.go:136.22,137.63 1 1
github.com/geored/taskctl/task/task.go:137.63,139.5 1 0
github.com/geored/taskctl/task/task.go:142.3,142.35 1 1
github.com/geored/taskctl/task/task.go:142.35,144.4 1 0
github.com/geored/taskctl/task/task.go:145.3,145.29 1 1
github.com/geored/taskctl/task/task.go:148.2,148.19 1 1
github.com/geored/taskctl/task/task.go:156.44,158.16 2 1
github.com/geored/taskctl/task/task.go:158.16,160.3 1 0
github.com/geored/taskctl/task/task.go:162.2,164.16 3 1
github.com/geored/taskctl/task/task.go:164.16,166.3 1 0
github.com/geored/taskctl/task/task.go:167.2,170.15 2 1
github.com/geored/taskctl/task/task.go:170.15,172.3 1 1
github.com/geored/taskctl/task/task.go:174.2,174.40 1 1
github.com/geored/taskctl/task/task.go:174.40,177.3 2 0
github.com/geored/taskctl/task/task.go:178.2,178.43 1 1
github.com/geored/taskctl/task/task.go:178.43,181.3 2 0
github.com/geored/taskctl/task/task.go:183.2,183.35 1 1
github.com/geored/taskctl/task/task.go:183.35,186.3 2 0
github.com/geored/taskctl/task/task.go:187.2,187.36 1 1
github.com/geored/taskctl/task/task.go:187.36,189.3 1 0
github.com/geored/taskctl/task/task.go:190.2,190.55 1 1
github.com/geored/taskctl/task/task.go:190.55,192.3 1 0
github.com/geored/taskctl/task/task.go:193.2,193.12 1 1
github.com/geored/taskctl/task/task.go:202.62,205.19 2 1
github.com/geored/taskctl/task/task.go:205.19,207.3 1 1
github.com/geored/taskctl/task/task.go:210.2,210.54 1 1
github.com/geored/taskctl/task/task.go:210.54,212.3 1 1
github.com/geored/taskctl/task/task.go:215.2,215.18 1 1
github.com/geored/taskctl/task/task.go:216.31,216.31 0 1
github.com/geored/taskctl/task/task.go:218.10,219.83 1 1
github.com/geored/taskctl/task/task.go:223.2,223.19 1 1
github.com/geored/taskctl/task/task.go:223.19,224.60 1 1
github.com/geored/taskctl/task/task.go:224.60,226.4 1 1
github.com/geored/taskctl/task/task.go:229.2,233.16 4 1
github.com/geored/taskctl/task/task.go:233.16,235.3 1 0
github.com/geored/taskctl/task/task.go:240.2,241.26 2 1
github.com/geored/taskctl/task/task.go:241.26,242.21 1 1
github.com/geored/taskctl/task/task.go:242.21,244.4 1 1
github.com/geored/taskctl/task/task.go:246.2,246.17 1 1
github.com/geored/taskctl/task/task.go:246.17,248.3 1 1
github.com/geored/taskctl/task/task.go:250.2,257.22 2 1
github.com/geored/taskctl/task/task.go:262.37,263.11 1 1
github.com/geored/taskctl/task/task.go:264.35,265.14 1 1
github.com/geored/taskctl/task/task.go:266.10,267.15 1 1
github.com/geored/taskctl/task/task.go:279.75,281.32 1 1
github.com/geored/taskctl/task/task.go:281.32,283.3 1 1
github.com/geored/taskctl/task/task.go:285.2,289.16 4 1
github.com/geored/taskctl/task/task.go:289.16,291.3 1 0
github.com/geored/taskctl/task/task.go:294.2,296.26 3 1
github.com/geored/taskctl/task/task.go:296.26,297.47 1 1
github.com/geored/taskctl/task/task.go:297.47,298.12 1 1
github.com/geored/taskctl/task/task.go:300.3,300.39 1 1
github.com/geored/taskctl/task/task.go:300.39,301.12 1 1
github.com/geored/taskctl/task/task.go:303.3,303.29 1 1
github.com/geored/taskctl/task/task.go:305.2,305.20 1 1
github.com/geored/taskctl/task/task.go:311.42,312.13 1 1
github.com/geored/taskctl/task/task.go:312.13,314.3 1 0
github.com/geored/taskctl/task/task.go:316.2,320.16 4 1
github.com/geored/taskctl/task/task.go:320.16,322.3 1 0
github.com/geored/taskctl/task/task.go:324.2,324.26 1 1
github.com/geored/taskctl/task/task.go:324.26,325.17 1 1
github.com/geored/taskctl/task/task.go:325.17,328.4 2 1
github.com/geored/taskctl/task/task.go:330.2,330.44 1 1
github.com/geored/taskctl/task/task.go:336.40,337.13 1 1
github.com/geored/taskctl/task/task.go:337.13,339.3 1 0
github.com/geored/taskctl/task/task.go:341.2,345.16 4 1
github.com/geored/taskctl/task/task.go:345.16,347.3 1 0
github.com/geored/taskctl/task/task.go:349.2,351.26 3 1
github.com/geored/taskctl/task/task.go:351.26,352.17 1 1
github.com/geored/taskctl/task/task.go:352.17,354.12 2 1
github.com/geored/taskctl/task/task.go:356.3,356.33 1 1
github.com/geored/taskctl/task/task.go:358.2,358.12 1 1
github.com/geored/taskctl/task/task.go:358.12,360.3 1 1
github.com/geored/taskctl/task/task.go:361.2,361.25 1 1
github.com/geored/taskctl/task/task.go:370.67,375.16 4 1
github.com/geored/taskctl/task/task.go:375.16,377.3 1 1
github.com/geored/taskctl/task/task.go:379.2,380.26 2 1
github.com/geored/taskctl/task/task.go:380.26,381.13 1 1
github.com/geored/taskctl/task/task.go:381.13,383.4 1 1
github.com/geored/taskctl/task/task.go:383.9,385.4 1 1
github.com/geored/taskctl/task/task.go:387.2,390.18 2 1
github.com/geored/taskctl/task/task.go:390.18,392.3 1 1
github.com/geored/taskctl/task/task.go:394.2,394.37 1 1
github.com/geored/taskctl/task/task.go:394.37,396.3 1 0
github.com/geored/taskctl/task/task.go:397.2,397.32 1 1
github.com/geored/taskctl/task/task.go:422.42,427.16 4 1
github.com/geored/taskctl/task/task.go:427.16,429.3 1 0
github.com/geored/taskctl/task/task.go:431.2,434.26 4 1
github.com/geored/taskctl/task/task.go:434.26,436.13 1 1
github.com/geored/taskctl/task/task.go:436.13,438.4 1 1
github.com/geored/taskctl/task/task.go:438.9,440.24 2 1
github.com/geored/taskctl/task/task.go:440.24,442.5 1 1
github.com/geored/taskctl/task/task.go:446.3,446.21 1 1
github.com/geored/taskctl/task/task.go:447.15,448.20 1 1
github.com/geored/taskctl/task/task.go:449.17,450.22 1 1
github.com/geored/taskctl/task/task.go:451.14,452.19 1 1
github.com/geored/taskctl/task/task.go:455.2,455.15 1 1
